Greska na 2: konstanta br1 je vec deklarisana
Greska na 4: deklarisani tip i tip dodeljene konstante se ne poklapaju
Greska na 7: nije pronadjen tip "A" u tabeli simbola
Greska na 11: promenljiva string1 je vec deklarisana
Greska na 11: promenljiva res je vec deklarisana
Greska na 13: tipovi nisu kopatibilni
Greska na 14: izraz nije tipa int
Greska na 16: tipovi nisu kopatibilni
Greska na 17: promenljiva nije niz
Greska na 18: promenljiva "var2" nije defininsana pre koriscenja
Greska na 19: promenljiva "b" nije defininsana pre koriscenja
Greska na 20: tipovi nisu kopatibilni
Greska na 22: identifikator "br1" mora biti promenljiva, element niza ili polje klase
Greska na 23: operator nije tipa int
Greska na 24: izraz nije tipa int
Greska na 25: tipovi nisu kopatibilni
Greska na 26: operator nije tipa int
Greska na 27: operator nije tipa int
Greska na 28: operator nije tipa int
Greska na 29: tipovi nisu kopatibilni
Greska na 30: tipovi nisu kopatibilni
Greska na 31: identifikator "string1" mora biti tipa int
Greska na 32: identifikator "br1" mora biti promenljiva, element niza ili polje klase
Greska na 33: identifikator "string1" mora biti tipa int
Greska na 34: identifikator "br1" mora biti promenljiva, element niza ili polje klase
Greska na 35: identifikator "ch" mora biti promenljiva, element niza ili polje klase
Greska na 36: izraz mora biti tipa int, char ili bool
Greska na 37: izraz mora biti tipa int, char ili bool
Greska na 38: izraz mora biti tipa int, char ili bool
Greska na 39: identifikator "a" sa desne strane jednakosti mora biti niz
Greska na 40: identifikator "br1" mora biti promenljiva, element niza ili polje klase
Greska na 41: tipovi nisu kompatibilni
Greska na 3: tipovi nisu kompatibilni
Greska na 3: tipovi nisu kompatibilni
Greska na 44: tipovi nisu kompatibilni
Greska na 11: funkcija main mora biti tipa void
Greska na 11: funkcija main nema return iskaz
